\BOOKMARK [0][-]{chapter*.2}{\334bungsaufgaben}{}% 1
\BOOKMARK [0][-]{chapter.1}{ }{}% 2
\BOOKMARK [1][-]{section.1.1}{ }{chapter.1}% 3
\BOOKMARK [1][-]{section.1.2}{ }{chapter.1}% 4
\BOOKMARK [0][-]{chapter*.3}{2}{}% 5
\BOOKMARK [1][-]{section*.4}{Fragen}{chapter*.3}% 6
\BOOKMARK [1][-]{Item.11}{3, a\)}{chapter*.3}% 7
\BOOKMARK [1][-]{table.1.1}{3, b\)}{chapter*.3}% 8
\BOOKMARK [1][-]{table.1.1}{3, c\)}{chapter*.3}% 9
\BOOKMARK [0][-]{chapter*.5}{3}{}% 10
\BOOKMARK [1][-]{section*.6}{Fragen}{chapter*.5}% 11
\BOOKMARK [1][-]{section*.6}{5, a\)}{chapter*.5}% 12
\BOOKMARK [1][-]{section*.6}{6, a\)}{chapter*.5}% 13
\BOOKMARK [1][-]{section*.6}{6, b\)}{chapter*.5}% 14
\BOOKMARK [1][-]{section*.6}{6, c\)}{chapter*.5}% 15
\BOOKMARK [0][-]{chapter*.7}{4}{}% 16
\BOOKMARK [1][-]{section*.8}{Fragen}{chapter*.7}% 17
\BOOKMARK [1][-]{Item.18}{7, a\)}{chapter*.7}% 18
\BOOKMARK [1][-]{Item.18}{7, b\)}{chapter*.7}% 19
\BOOKMARK [1][-]{Item.18}{7, c\)}{chapter*.7}% 20
\BOOKMARK [1][-]{Item.18}{7, d\)}{chapter*.7}% 21
\BOOKMARK [1][-]{Item.18}{8, a\)}{chapter*.7}% 22
\BOOKMARK [1][-]{Item.18}{8, b\)}{chapter*.7}% 23
\BOOKMARK [0][-]{chapter*.9}{Pr\344senz\374bungen}{}% 24
\BOOKMARK [0][-]{chapter.1}{ }{}% 25
\BOOKMARK [1][-]{section.1.1}{ }{chapter.1}% 26
\BOOKMARK [1][-]{section.1.2}{ }{chapter.1}% 27
\BOOKMARK [0][-]{chapter.2}{ }{}% 28
\BOOKMARK [1][-]{section.2.1}{ }{chapter.2}% 29
\BOOKMARK [1][-]{section.2.2}{ }{chapter.2}% 30
\BOOKMARK [0][-]{chapter*.10}{3}{}% 31
\BOOKMARK [1][-]{section*.11}{1, a\)}{chapter*.10}% 32
\BOOKMARK [1][-]{section*.11}{1, b\)}{chapter*.10}% 33
\BOOKMARK [1][-]{section*.11}{1, c\)}{chapter*.10}% 34
\BOOKMARK [0][-]{chapter*.12}{4}{}% 35
\BOOKMARK [1][-]{section*.13}{Fragen}{chapter*.12}% 36
\BOOKMARK [1][-]{Item.22}{1, a\)}{chapter*.12}% 37
\BOOKMARK [1][-]{Item.22}{1, b\)}{chapter*.12}% 38
\BOOKMARK [1][-]{Item.22}{2, a\)}{chapter*.12}% 39
\BOOKMARK [1][-]{Item.22}{2, b\)}{chapter*.12}% 40
\BOOKMARK [1][-]{Item.22}{3, a\)}{chapter*.12}% 41
\BOOKMARK [1][-]{Item.22}{3, b\)}{chapter*.12}% 42
